<?xml version="1.0" encoding="UTF-8"?>
<!-- Generated by org.testng.reporters.JUnitReportReporter -->
<testsuite hostname="Leelas-MacBook-Pro.local" failures="0" tests="3" name="restsssuredTests.Demo3_PUT_Request" time="3.649" errors="0" timestamp="2024-05-20T01:05:53 EDT" skipped="0">
  <testcase classname="restsssuredTests.Demo3_PUT_Request" name="putData" time="1.279"/>
  <testcase classname="restsssuredTests.Demo3_PUT_Request" name="postData" time="1.919"/>
  <testcase classname="restsssuredTests.Demo3_PUT_Request" name="deleteRecord" time="0.451"/>
</testsuite> <!-- restsssuredTests.Demo3_PUT_Request -->
