<?xml version="1.0" encoding="UTF-8"?>
<!-- Generated by org.testng.reporters.JUnitReportReporter -->
<testsuite hostname="Leelas-MacBook-Pro.local" failures="0" tests="3" name="serializationAndDeserialization.demo1GETandPOSTWithSerializationandDeserialization" time="4.911" errors="0" timestamp="2024-05-21T23:30:11 EDT" skipped="0">
  <testcase classname="serializationAndDeserialization.demo1GETandPOSTWithSerializationandDeserialization" name="testPUTwithSerialization" time="2.529"/>
  <testcase classname="serializationAndDeserialization.demo1GETandPOSTWithSerializationandDeserialization" name="testGetwithDeSerialization" time="1.173"/>
  <testcase classname="serializationAndDeserialization.demo1GETandPOSTWithSerializationandDeserialization" name="testDelete" time="1.209"/>
</testsuite> <!-- serializationAndDeserialization.demo1GETandPOSTWithSerializationandDeserialization -->
