<?xml version="1.0" encoding="UTF-8"?>
<!-- Generated by org.testng.reporters.JUnitReportReporter -->
<testsuite hostname="Leelas-MacBook-Pro.local" failures="0" tests="2" name="serializationAndDeserialization.GETandPOSTWithoutSerialization" time="3.754" errors="0" timestamp="2024-05-21T21:19:37 EDT" skipped="0">
  <testcase classname="serializationAndDeserialization.GETandPOSTWithoutSerialization" name="testPUT" time="3.287"/>
  <testcase classname="serializationAndDeserialization.GETandPOSTWithoutSerialization" name="testDelete" time="0.467"/>
</testsuite> <!-- serializationAndDeserialization.GETandPOSTWithoutSerialization -->
