<?xml version="1.0" encoding="UTF-8"?>
<!-- Generated by org.testng.reporters.JUnitReportReporter -->
<testsuite hostname="Leelas-MacBook-Pro.local" failures="0" tests="1" name="restsssuredTests.Demo1_GET_Request" time="2.069" errors="0" timestamp="2024-06-03T15:36:12 EDT" skipped="0">
  <testcase classname="restsssuredTests.Demo1_GET_Request" name="getBarddetails" time="2.069"/>
</testsuite> <!-- restsssuredTests.Demo1_GET_Request -->
