<?xml version="1.0" encoding="UTF-8"?>
<!-- Generated by org.testng.reporters.JUnitReportReporter -->
<testsuite hostname="Leelas-MacBook-Pro.local" failures="0" tests="1" name="restsssuredTests.Demo5_BasicValidations_XML" time="1.416" errors="0" timestamp="2024-05-21T15:26:28 EDT" skipped="0">
  <testcase classname="restsssuredTests.Demo5_BasicValidations_XML" name="testUsingXPATH" time="1.416"/>
</testsuite> <!-- restsssuredTests.Demo5_BasicValidations_XML -->
