<?xml version="1.0" encoding="UTF-8"?>
<!-- Generated by org.testng.reporters.JUnitReportReporter -->
<testsuite hostname="Leelas-MacBook-Pro.local" failures="0" tests="1" name="udemy.ComplexJSONParse" time="1.148" errors="0" timestamp="2024-06-01T00:16:24 EDT" skipped="0">
  <testcase classname="udemy.ComplexJSONParse" name="ComplexJsonParseMethod" time="1.148"/>
</testsuite> <!-- udemy.ComplexJSONParse -->
