<?xml version="1.0" encoding="UTF-8"?>
<!-- Generated by org.testng.reporters.JUnitReportReporter -->
<testsuite hostname="Leelas-MacBook-Pro.local" failures="0" tests="2" name="restsssuredTests.Demo2_POST_Request" time="2.845" errors="0" timestamp="2024-05-19T23:42:09 EDT" skipped="0">
  <testcase classname="restsssuredTests.Demo2_POST_Request" name="testPostwithjsonobject" time="2.380"/>
  <testcase classname="restsssuredTests.Demo2_POST_Request" name="testDelete" time="0.465"/>
</testsuite> <!-- restsssuredTests.Demo2_POST_Request -->
