<?xml version="1.0" encoding="UTF-8"?>
<!-- Generated by org.testng.reporters.JUnitReportReporter -->
<testsuite hostname="Leelas-MacBook-Pro.local" failures="0" tests="2" name="restsssuredTests.Demo4_MultipleVal_Validation" time="2.943" errors="0" timestamp="2024-05-20T16:41:47 EDT" skipped="0">
  <testcase classname="restsssuredTests.Demo4_MultipleVal_Validation" name="Multiple_Val_Validation" time="0.546"/>
  <testcase classname="restsssuredTests.Demo4_MultipleVal_Validation" name="CallwithQueryParameters" time="2.397"/>
</testsuite> <!-- restsssuredTests.Demo4_MultipleVal_Validation -->
