<?xml version="1.0" encoding="UTF-8"?>
<!-- Generated by org.testng.reporters.JUnitReportReporter -->
<testsuite hostname="Leelas-MacBook-Pro.local" failures="0" tests="1" name="jsonparsing.ComplexJSONParse" time="1.303" errors="0" timestamp="2024-06-02T11:38:30 EDT" skipped="0">
  <testcase classname="jsonparsing.ComplexJSONParse" name="ComplexJsonParseMethod" time="1.303"/>
</testsuite> <!-- jsonparsing.ComplexJSONParse -->
