<?xml version="1.0" encoding="UTF-8"?>
<!-- Generated by org.testng.reporters.JUnitReportReporter -->
<testsuite hostname="Leelas-MacBook-Pro.local" failures="0" tests="1" name="restsssuredTests.Demo1_GET_Request" time="1.961" errors="0" timestamp="2024-05-18T20:21:23 EDT" skipped="0">
  <testcase classname="restsssuredTests.Demo1_GET_Request" name="getBarddetails" time="1.961"/>
</testsuite> <!-- restsssuredTests.Demo1_GET_Request -->
