<?xml version="1.0" encoding="UTF-8"?>
<!-- Generated by org.testng.reporters.JUnitReportReporter -->
<testsuite hostname="Leelas-MacBook-Pro.local" failures="0" tests="1" name="appiumwithandroid.appium.LongPress" time="6.433" errors="0" timestamp="2024-05-26T20:54:36 EDT" skipped="0">
  <testcase classname="appiumwithandroid.appium.LongPress" name="LongClickGesture" time="6.433"/>
</testsuite> <!-- appiumwithandroid.appium.LongPress -->
