<?xml version="1.0" encoding="UTF-8"?>
<!-- Generated by org.testng.reporters.JUnitReportReporter -->
<testsuite hostname="Leelas-MacBook-Pro.local" failures="0" tests="1" name="appiumWithiOS.appium.IOSScrollTest" time="12.098" errors="0" timestamp="2024-05-29T00:29:42 EDT" skipped="0">
  <testcase classname="appiumWithiOS.appium.IOSScrollTest" name="IOSScrollTestDemo" time="12.098"/>
</testsuite> <!-- appiumWithiOS.appium.IOSScrollTest -->
