<?xml version="1.0" encoding="UTF-8"?>
<!-- Generated by org.testng.reporters.JUnitReportReporter -->
<testsuite hostname="Leelas-MacBook-Pro.local" failures="0" tests="1" name="appiumwithandroid.appium.GS_TC_2" time="53.949" errors="0" timestamp="2024-05-27T20:58:28 EDT" skipped="0">
  <testcase classname="appiumwithandroid.appium.GS_TC_2" name="SearchProductandAddtoCartandValidate" time="53.949"/>
</testsuite> <!-- appiumwithandroid.appium.GS_TC_2 -->
