<?xml version="1.0" encoding="UTF-8"?>
<!-- Generated by org.testng.reporters.JUnitReportReporter -->
<testsuite hostname="Leelas-MacBook-Pro.local" failures="0" tests="1" name="appiumWithiOS.appium.IOSLongPress" time="6.322" errors="0" timestamp="2024-05-29T00:03:16 EDT" skipped="0">
  <testcase classname="appiumWithiOS.appium.IOSLongPress" name="IOSLongPressTest" time="6.322"/>
</testsuite> <!-- appiumWithiOS.appium.IOSLongPress -->
