<?xml version="1.0" encoding="UTF-8"?>
<!-- Generated by org.testng.reporters.JUnitReportReporter -->
<testsuite hostname="Leelas-MacBook-Pro.local" failures="0" tests="1" name="appiumwithandroid.appium.GS_TC_3" time="28.005" errors="0" timestamp="2024-05-27T22:09:58 EDT" skipped="0">
  <testcase classname="appiumwithandroid.appium.GS_TC_3" name="SearchProductandAddtoCartandValidate" time="28.005"/>
</testsuite> <!-- appiumwithandroid.appium.GS_TC_3 -->
