<?xml version="1.0" encoding="UTF-8"?>
<!-- Generated by org.testng.reporters.JUnitReportReporter -->
<testsuite hostname="Leelas-MacBook-Pro.local" failures="0" tests="1" name="appiumWithiOS.appium.IOSSlider" time="10.966" errors="0" timestamp="2024-05-29T20:10:15 EDT" skipped="0">
  <testcase classname="appiumWithiOS.appium.IOSSlider" name="IOSSliderTest" time="10.966"/>
</testsuite> <!-- appiumWithiOS.appium.IOSSlider -->
