<?xml version="1.0" encoding="UTF-8"?>
<!-- Generated by org.testng.reporters.JUnitReportReporter -->
<testsuite hostname="Leelas-MacBook-Pro.local" failures="0" tests="1" name="appiumwithandroid.appium.MiscAppiumActions" time="8.327" errors="0" timestamp="2024-05-27T11:58:35 EDT" skipped="0">
  <testcase classname="appiumwithandroid.appium.MiscAppiumActions" name="WiFiSettingsName" time="8.327"/>
</testsuite> <!-- appiumwithandroid.appium.MiscAppiumActions -->
