<?xml version="1.0" encoding="UTF-8"?>
<!-- Generated by org.testng.reporters.JUnitReportReporter -->
<testsuite hostname="Leelas-MacBook-Pro.local" failures="0" tests="1" name="appiumwithandroid.appium.SwipeDemo" time="4.318" errors="0" timestamp="2024-05-27T10:59:35 EDT" skipped="0">
  <testcase classname="appiumwithandroid.appium.SwipeDemo" name="SwipeGesture" time="4.318"/>
</testsuite> <!-- appiumwithandroid.appium.SwipeDemo -->
