<?xml version="1.0" encoding="UTF-8"?>
<!-- Generated by org.testng.reporters.JUnitReportReporter -->
<testsuite hostname="Leelas-MacBook-Pro.local" failures="0" tests="1" name="appiumwithandroid.appium.DragDropDemo" time="3.943" errors="0" timestamp="2024-05-27T11:40:24 EDT" skipped="0">
  <testcase classname="appiumwithandroid.appium.DragDropDemo" name="DragDropGesture" time="3.943"/>
</testsuite> <!-- appiumwithandroid.appium.DragDropDemo -->
