<?xml version="1.0" encoding="UTF-8"?>
<!-- Generated by org.testng.reporters.JUnitReportReporter -->
<testsuite hostname="Leelas-MacBook-Pro.local" failures="0" tests="1" name="appiumWithiOS.appium.IOSBasics" time="9.711" errors="0" timestamp="2024-05-30T19:58:03 EDT" skipped="0">
  <testcase classname="appiumWithiOS.appium.IOSBasics" name="IOSBasicsTest" time="9.711"/>
</testsuite> <!-- appiumWithiOS.appium.IOSBasics -->
