<?xml version="1.0" encoding="UTF-8"?>
<!-- Generated by org.testng.reporters.JUnitReportReporter -->
<testsuite hostname="Leelas-MacBook-Pro.local" failures="0" tests="1" name="appiumwithandroid.appium.ScrollDemo" time="210.280" errors="0" timestamp="2024-05-30T21:42:29 EDT" skipped="0">
  <testcase classname="appiumwithandroid.appium.ScrollDemo" name="ScrollGesture" time="210.280"/>
</testsuite> <!-- appiumwithandroid.appium.ScrollDemo -->
