<?xml version="1.0" encoding="UTF-8"?>
<!-- Generated by org.testng.reporters.JUnitReportReporter -->
<testsuite hostname="Leelas-MacBook-Pro.local" failures="0" tests="1" name="appiumwithandroid.appium.GS_TC_4_Hybrid" time="29.679" errors="0" timestamp="2024-05-28T00:49:36 EDT" skipped="0">
  <testcase classname="appiumwithandroid.appium.GS_TC_4_Hybrid" name="SearchProductandAddtoCartandValidate" time="29.679"/>
</testsuite> <!-- appiumwithandroid.appium.GS_TC_4_Hybrid -->
