<?xml version="1.0" encoding="UTF-8"?>
<!-- Generated by org.testng.reporters.JUnitReportReporter -->
<testsuite hostname="Leelas-MacBook-Pro.local" failures="0" tests="1" name="appiumWithiOS.appium.IOSSwipeTest" time="16.747" errors="0" timestamp="2024-05-30T00:24:29 EDT" skipped="0">
  <testcase classname="appiumWithiOS.appium.IOSSwipeTest" name="IOSSwipeTestMethod" time="16.747"/>
</testsuite> <!-- appiumWithiOS.appium.IOSSwipeTest -->
