<?xml version="1.0" encoding="UTF-8"?>
<!-- Generated by org.testng.reporters.JUnitReportReporter -->
<testsuite hostname="Leelas-MacBook-Pro.local" failures="0" tests="1" name="appiumwithandroid.appium.NavigatetoActivityPage" time="6.360" errors="0" timestamp="2024-05-27T15:24:59 EDT" skipped="0">
  <testcase classname="appiumwithandroid.appium.NavigatetoActivityPage" name="WiFiSettingsName" time="6.360"/>
</testsuite> <!-- appiumwithandroid.appium.NavigatetoActivityPage -->
