<?xml version="1.0" encoding="UTF-8"?>
<!-- Generated by org.testng.reporters.JUnitReportReporter -->
<testsuite hostname="Leelas-MacBook-Pro.local" failures="0" tests="1" name="appiumwithandroid.appium.GS_TC_1" time="33.214" errors="0" timestamp="2024-05-27T18:05:54 EDT" skipped="0">
  <testcase classname="appiumwithandroid.appium.GS_TC_1" name="fill_form" time="33.214"/>
</testsuite> <!-- appiumwithandroid.appium.GS_TC_1 -->
