<?xml version="1.0" encoding="UTF-8"?>
<!-- Generated by org.testng.reporters.JUnitReportReporter -->
<testsuite hostname="Leelas-MacBook-Pro.local" failures="0" tests="1" name="appiumwithandroid.appium.MobileBrowserTest" time="11.427" errors="0" timestamp="2024-05-28T13:12:17 EDT" skipped="0">
  <testcase classname="appiumwithandroid.appium.MobileBrowserTest" name="BrowserTest" time="11.427"/>
</testsuite> <!-- appiumwithandroid.appium.MobileBrowserTest -->
