<?xml version="1.0" encoding="UTF-8"?>
<!-- Generated by org.testng.reporters.JUnitReportReporter -->
<testsuite hostname="Leelas-MacBook-Pro.local" failures="0" tests="1" name="appiumwithandroid.appium.AppiumBasics" time="5.487" errors="0" timestamp="2024-05-25T20:19:47 EDT" skipped="0">
  <testcase classname="appiumwithandroid.appium.AppiumBasics" name="WiFiSettingsName" time="5.487"/>
</testsuite> <!-- appiumwithandroid.appium.AppiumBasics -->
