<?xml version="1.0" encoding="UTF-8"?>
<!-- Generated by org.testng.reporters.JUnitReportReporter -->
<testsuite hostname="Leelas-MacBook-Pro.local" failures="0" tests="1" name="org.leelasan.appiumframework.IOSBasics" time="4.305" errors="0" timestamp="2024-05-30T20:26:50 EDT" skipped="0">
  <testcase classname="org.leelasan.appiumframework.IOSBasics" name="IOSBasicsTest" time="4.305"/>
</testsuite> <!-- org.leelasan.appiumframework.IOSBasics -->
