<?xml version="1.0" encoding="UTF-8"?>
<!-- Generated by org.testng.reporters.JUnitReportReporter -->
<testsuite hostname="Leelas-MacBook-Pro.local" failures="0" tests="1" name="org.leelasan.appiumframework.GS_TC_4_Hybrid" time="19.535" errors="0" timestamp="2024-05-30T19:45:12 EDT" skipped="0">
  <testcase classname="org.leelasan.appiumframework.GS_TC_4_Hybrid" name="SearchProductandAddtoCartandValidate" time="19.535"/>
</testsuite> <!-- org.leelasan.appiumframework.GS_TC_4_Hybrid -->
